<?xml version="1.0" encoding="UTF-8"?>
<!-- Generated by org.testng.reporters.JUnitReportReporter -->
<testsuite hostname="DESKTOP-CALU88G" failures="0" tests="3" name="test_cases.ClassC" time="0.063" errors="0" timestamp="21 Sep 2020 01:35:04 GMT" skipped="0">
  <testcase classname="test_cases.ClassC" name="testCaseC" time="0.007"/>
  <testcase classname="test_cases.ClassC" name="testCaseB" time="0.009"/>
  <testcase classname="test_cases.ClassC" name="testCaseA" time="0.047"/>
</testsuite> <!-- test_cases.ClassC -->
