<?xml version="1.0" encoding="UTF-8"?>
<!-- Generated by org.testng.reporters.JUnitReportReporter -->
<testsuite hostname="DESKTOP-CALU88G" failures="0" tests="1" name="challenge.HilolNashrTestCases" time="39.862" errors="0" timestamp="15 Oct 2020 17:11:48 GMT" skipped="0">
  <testcase classname="challenge.HilolNashrTestCases" name="BookPurchasing" time="39.862"/>
</testsuite> <!-- challenge.HilolNashrTestCases -->
