<?xml version="1.0" encoding="UTF-8"?>
<!-- Generated by org.testng.reporters.JUnitReportReporter -->
<testsuite hostname="DESKTOP-CALU88G" failures="0" tests="3" name="test_cases.ClassB" time="0.058" errors="0" timestamp="21 Sep 2020 01:32:25 GMT" skipped="0">
  <testcase classname="test_cases.ClassB" name="testCaseA3" time="0.004"/>
  <testcase classname="test_cases.ClassB" name="testCaseA2" time="0.004"/>
  <testcase classname="test_cases.ClassB" name="testCaseA1" time="0.050"/>
</testsuite> <!-- test_cases.ClassB -->
