<?xml version="1.0" encoding="UTF-8"?>
<!-- Generated by org.testng.reporters.JUnitReportReporter -->
<testsuite hostname="DESKTOP-CALU88G" failures="0" tests="3" name="test_cases.ClassCTest" time="0.001" errors="0" timestamp="22 Sep 2020 22:17:46 GMT" skipped="0">
  <testcase classname="test_cases.ClassCTest" name="testCaseA" time="0.000"/>
  <testcase classname="test_cases.ClassCTest" name="testCaseC" time="0.001"/>
  <testcase classname="test_cases.ClassCTest" name="testCaseB" time="0.000"/>
</testsuite> <!-- test_cases.ClassCTest -->
