<?xml version="1.0" encoding="UTF-8"?>
<!-- Generated by org.testng.reporters.JUnitReportReporter -->
<testsuite hostname="DESKTOP-CALU88G" failures="0" tests="3" name="test_cases.ClassBTest" time="0.034" errors="0" timestamp="22 Sep 2020 22:17:46 GMT" skipped="0">
  <testcase classname="test_cases.ClassBTest" name="testCaseB1" time="0.032"/>
  <testcase classname="test_cases.ClassBTest" name="testCaseB2" time="0.002"/>
  <testcase classname="test_cases.ClassBTest" name="testCaseB3" time="0.000"/>
</testsuite> <!-- test_cases.ClassBTest -->
